e:\users\root\documents\visual studio 2013\projects\atsplus\atsplus\debug\vc120.pdb
e:\users\root\documents\visual studio 2013\projects\atsplus\atsplus\debug\visualacuitytestform.obj
e:\users\root\documents\visual studio 2013\projects\atsplus\atsplus\debug\visualacuitytest.obj
e:\users\root\documents\visual studio 2013\projects\atsplus\atsplus\debug\objloader.obj
e:\users\root\documents\visual studio 2013\projects\atsplus\atsplus\debug\main.obj
e:\users\root\documents\visual studio 2013\projects\atsplus\atsplus\debug\moc_visualacuitytestform.obj
e:\users\root\documents\visual studio 2013\projects\atsplus\atsplus\debug\moc_visualacuitytest.obj
e:\users\root\documents\visual studio 2013\projects\atsplus\atsplus\debug\moc_atsplus.obj
e:\users\root\documents\visual studio 2013\projects\atsplus\atsplus\debug\atsplus.obj
e:\users\root\documents\visual studio 2013\projects\atsplus\atsplus\debug\qrc_atsplus.obj
e:\users\root\documents\visual studio 2013\projects\atsplus\atsplus\generatedfiles\debug\moc_atsplus.cpp
e:\users\root\documents\visual studio 2013\projects\atsplus\atsplus\generatedfiles\ui_atsplus.h
e:\users\root\documents\visual studio 2013\projects\atsplus\atsplus\generatedfiles\debug\moc_visualacuitytestform.cpp
e:\users\root\documents\visual studio 2013\projects\atsplus\atsplus\generatedfiles\debug\moc_visualacuitytest.cpp
e:\users\root\documents\visual studio 2013\projects\atsplus\atsplus\generatedfiles\qrc_atsplus.cpp
e:\users\root\documents\visual studio 2013\projects\atsplus\atsplus\generatedfiles\ui_visualacuitytestform.h
e:\users\root\documents\visual studio 2013\projects\atsplus\win32\debug\atsplus.ilk
e:\users\root\documents\visual studio 2013\projects\atsplus\win32\debug\atsplus.exe
e:\users\root\documents\visual studio 2013\projects\atsplus\win32\debug\atsplus.pdb
e:\users\root\documents\visual studio 2013\projects\atsplus\atsplus\debug\atsplus.tlog\cl.command.1.tlog
e:\users\root\documents\visual studio 2013\projects\atsplus\atsplus\debug\atsplus.tlog\cl.read.1.tlog
e:\users\root\documents\visual studio 2013\projects\atsplus\atsplus\debug\atsplus.tlog\cl.write.1.tlog
e:\users\root\documents\visual studio 2013\projects\atsplus\atsplus\debug\atsplus.tlog\custombuild.command.1.tlog
e:\users\root\documents\visual studio 2013\projects\atsplus\atsplus\debug\atsplus.tlog\custombuild.read.1.tlog
e:\users\root\documents\visual studio 2013\projects\atsplus\atsplus\debug\atsplus.tlog\custombuild.write.1.tlog
e:\users\root\documents\visual studio 2013\projects\atsplus\atsplus\debug\atsplus.tlog\link.command.1.tlog
e:\users\root\documents\visual studio 2013\projects\atsplus\atsplus\debug\atsplus.tlog\link.read.1.tlog
e:\users\root\documents\visual studio 2013\projects\atsplus\atsplus\debug\atsplus.tlog\link.write.1.tlog
