Build started 30/10/2014 11:01:19.
     1>Project "e:\Users\root\documents\visual studio 2013\Projects\ATSplus\ATSplus\ATSplus.vcxproj" on node 2 (Build target(s)).
     1>E:\Program Files\MSBuild\Microsoft.Cpp\v4.0\V120\Microsoft.CppBuild.targets(935,5): warning MSB8027: Two or more files with the name of moc_atsplus.cpp will produce outputs to the same location. This can lead to an incorrect build result.  The files involved are GeneratedFiles\Debug\moc_atsplus.cpp, GeneratedFiles\Release\moc_atsplus.cpp.
     1>E:\Program Files\MSBuild\Microsoft.Cpp\v4.0\V120\Microsoft.CppBuild.targets(935,5): warning MSB8027: Two or more files with the name of moc_visualacuitytest.cpp will produce outputs to the same location. This can lead to an incorrect build result.  The files involved are GeneratedFiles\Debug\moc_visualacuitytest.cpp, GeneratedFiles\Release\moc_visualacuitytest.cpp.
     1>E:\Program Files\MSBuild\Microsoft.Cpp\v4.0\V120\Microsoft.CppBuild.targets(935,5): warning MSB8027: Two or more files with the name of moc_visualacuitytestform.cpp will produce outputs to the same location. This can lead to an incorrect build result.  The files involved are GeneratedFiles\Debug\moc_visualacuitytestform.cpp, GeneratedFiles\Release\moc_visualacuitytestform.cpp.
     1>ClCompile:
         E:\Program Files\Microsoft Visual Studio 12.0\VC\bin\CL.exe /c /I.\GeneratedFiles /I. /IE:\Qt\Qt5.3.2\5.3\msvc2013_opengl\include /I.\GeneratedFiles\Debug /IE:\Qt\Qt5.3.2\5.3\msvc2013_opengl\include\QtCore /IE:\Qt\Qt5.3.2\5.3\msvc2013_opengl\include\QtGui /IE:\Qt\Qt5.3.2\5.3\msvc2013_opengl\include\QtSql /IE:\Qt\Qt5.3.2\5.3\msvc2013_opengl\include\QtOpenGL /IE:\Qt\Qt5.3.2\5.3\msvc2013_opengl\include\QtWidgets /Zi /nologo /W1 /WX- /Od /Oy- /D UNICODE /D WIN32 /D WIN64 /D QT_DLL /D QT_CORE_LIB /D QT_GUI_LIB /D QT_SQL_LIB /D QT_OPENGL_LIB /D QT_WIDGETS_LIB /Gm- /EHsc /MDd /GS /fp:precise /Zc:wchar_t /Zc:forScope /Fo"Debug\\" /Fd"Debug\vc120.pdb" /Gd /TP /analyze- /errorReport:prompt visualacuitytest.cpp
         visualacuitytest.cpp
       Link:
         E:\Program Files\Microsoft Visual Studio 12.0\VC\bin\link.exe /ERRORREPORT:PROMPT /OUT:"e:\Users\root\documents\visual studio 2013\Projects\ATSplus\Win32\Debug\\ATSplus.exe" /NOLOGO /LIBPATH:E:\Qt\Qt5.3.2\5.3\msvc2013_opengl\lib qtmaind.lib Qt5Cored.lib Qt5Guid.lib Qt5Sqld.lib Qt5OpenGLd.lib opengl32.lib glu32.lib Qt5Widgetsd.lib freeglut.lib glew32.lib DevIL.lib ILU.lib ILUT.lib kernel32.lib user32.lib gdi32.lib winspool.lib comdlg32.lib advapi32.lib shell32.lib ole32.lib oleaut32.lib uuid.lib odbc32.lib odbccp32.lib /MANIFEST /MANIFESTUAC:"level='asInvoker' uiAccess='false'" /manifest:embed /DEBUG /PDB:"e:\Users\root\documents\visual studio 2013\Projects\ATSplus\Win32\Debug\ATSplus.pdb" /SUBSYSTEM:WINDOWS /TLBID:1 /DYNAMICBASE /NXCOMPAT /IMPLIB:"e:\Users\root\documents\visual studio 2013\Projects\ATSplus\Win32\Debug\ATSplus.lib" /MACHINE:X86 /SAFESEH Debug\atsplus.obj
         Debug\moc_atsplus.obj
         Debug\moc_visualacuitytest.obj
         Debug\moc_visualacuitytestform.obj
         Debug\qrc_atsplus.obj
         Debug\main.obj
         Debug\objloader.obj
         Debug\textfile.obj
         Debug\visualacuitytest.obj
         Debug\visualacuitytestform.obj
         ATSplus.vcxproj -> e:\Users\root\documents\visual studio 2013\Projects\ATSplus\Win32\Debug\ATSplus.exe
     1>Done Building Project "e:\Users\root\documents\visual studio 2013\Projects\ATSplus\ATSplus\ATSplus.vcxproj" (Build target(s)).

Build succeeded.

Time Elapsed 00:00:27.27
